Created by PLY version 3.11 (http://www.dabeaz.com/ply)

Grammar

Rule 0     S' -> start
Rule 1     start -> bloc
Rule 2     bloc -> bloc statement SEMICOLON
Rule 3     bloc -> statement SEMICOLON
Rule 4     statement -> NAME ASSIGN expression
Rule 5     statement -> PRINT LPAREN expression RPAREN
Rule 6     expression -> expression PLUS expression
Rule 7     expression -> expression MINUS expression
Rule 8     expression -> expression TIMES expression
Rule 9     expression -> expression DIVIDE expression
Rule 10    expression -> LPAREN expression RPAREN
Rule 11    expression -> NUMBER
Rule 12    expression -> NAME

Terminals, with rules where they appear

ASSIGN               : 4
DIVIDE               : 9
LPAREN               : 5 10
MINUS                : 7
NAME                 : 4 12
NUMBER               : 11
PLUS                 : 6
PRINT                : 5
RPAREN               : 5 10
SEMICOLON            : 2 3
TIMES                : 8
error                : 

Nonterminals, with rules where they appear

bloc                 : 1 2
expression           : 4 5 6 6 7 7 8 8 9 9 10
start                : 0
statement            : 2 3

Parsing method: LALR

state 0

    (0) S' -> . start
    (1) start -> . bloc
    (2) bloc -> . bloc statement SEMICOLON
    (3) bloc -> . statement SEMICOLON
    (4) statement -> . NAME ASSIGN expression
    (5) statement -> . PRINT LPAREN expression RPAREN

    NAME            shift and go to state 4
    PRINT           shift and go to state 5

    start                          shift and go to state 1
    bloc                           shift and go to state 2
    statement                      shift and go to state 3

state 1

    (0) S' -> start .



state 2

    (1) start -> bloc .
    (2) bloc -> bloc . statement SEMICOLON
    (4) statement -> . NAME ASSIGN expression
    (5) statement -> . PRINT LPAREN expression RPAREN

    $end            reduce using rule 1 (start -> bloc .)
    NAME            shift and go to state 4
    PRINT           shift and go to state 5

    statement                      shift and go to state 6

state 3

    (3) bloc -> statement . SEMICOLON

    SEMICOLON       shift and go to state 7


state 4

    (4) statement -> NAME . ASSIGN expression

    ASSIGN          shift and go to state 8


state 5

    (5) statement -> PRINT . LPAREN expression RPAREN

    LPAREN          shift and go to state 9


state 6

    (2) bloc -> bloc statement . SEMICOLON

    SEMICOLON       shift and go to state 10


state 7

    (3) bloc -> statement SEMICOLON .

    NAME            reduce using rule 3 (bloc -> statement SEMICOLON .)
    PRINT           reduce using rule 3 (bloc -> statement SEMICOLON .)
    $end            reduce using rule 3 (bloc -> statement SEMICOLON .)


state 8

    (4) statement -> NAME ASSIGN . expression
    (6) expression -> . expression PLUS expression
    (7) expression -> . expression MINUS expression
    (8) expression -> . expression TIMES expression
    (9) expression -> . expression DIVIDE expression
    (10) expression -> . LPAREN expression RPAREN
    (11) expression -> . NUMBER
    (12) expression -> . NAME

    LPAREN          shift and go to state 13
    NUMBER          shift and go to state 14
    NAME            shift and go to state 11

    expression                     shift and go to state 12

state 9

    (5) statement -> PRINT LPAREN . expression RPAREN
    (6) expression -> . expression PLUS expression
    (7) expression -> . expression MINUS expression
    (8) expression -> . expression TIMES expression
    (9) expression -> . expression DIVIDE expression
    (10) expression -> . LPAREN expression RPAREN
    (11) expression -> . NUMBER
    (12) expression -> . NAME

    LPAREN          shift and go to state 13
    NUMBER          shift and go to state 14
    NAME            shift and go to state 11

    expression                     shift and go to state 15

state 10

    (2) bloc -> bloc statement SEMICOLON .

    NAME            reduce using rule 2 (bloc -> bloc statement SEMICOLON .)
    PRINT           reduce using rule 2 (bloc -> bloc statement SEMICOLON .)
    $end            reduce using rule 2 (bloc -> bloc statement SEMICOLON .)


state 11

    (12) expression -> NAME .

    PLUS            reduce using rule 12 (expression -> NAME .)
    MINUS           reduce using rule 12 (expression -> NAME .)
    TIMES           reduce using rule 12 (expression -> NAME .)
    DIVIDE          reduce using rule 12 (expression -> NAME .)
    SEMICOLON       reduce using rule 12 (expression -> NAME .)
    RPAREN          reduce using rule 12 (expression -> NAME .)


state 12

    (4) statement -> NAME ASSIGN expression .
    (6) expression -> expression . PLUS expression
    (7) expression -> expression . MINUS expression
    (8) expression -> expression . TIMES expression
    (9) expression -> expression . DIVIDE expression

    SEMICOLON       reduce using rule 4 (statement -> NAME ASSIGN expression .)
    PLUS            shift and go to state 16
    MINUS           shift and go to state 17
    TIMES           shift and go to state 18
    DIVIDE          shift and go to state 19


state 13

    (10) expression -> LPAREN . expression RPAREN
    (6) expression -> . expression PLUS expression
    (7) expression -> . expression MINUS expression
    (8) expression -> . expression TIMES expression
    (9) expression -> . expression DIVIDE expression
    (10) expression -> . LPAREN expression RPAREN
    (11) expression -> . NUMBER
    (12) expression -> . NAME

    LPAREN          shift and go to state 13
    NUMBER          shift and go to state 14
    NAME            shift and go to state 11

    expression                     shift and go to state 20

state 14

    (11) expression -> NUMBER .

    PLUS            reduce using rule 11 (expression -> NUMBER .)
    MINUS           reduce using rule 11 (expression -> NUMBER .)
    TIMES           reduce using rule 11 (expression -> NUMBER .)
    DIVIDE          reduce using rule 11 (expression -> NUMBER .)
    SEMICOLON       reduce using rule 11 (expression -> NUMBER .)
    RPAREN          reduce using rule 11 (expression -> NUMBER .)


state 15

    (5) statement -> PRINT LPAREN expression . RPAREN
    (6) expression -> expression . PLUS expression
    (7) expression -> expression . MINUS expression
    (8) expression -> expression . TIMES expression
    (9) expression -> expression . DIVIDE expression

    RPAREN          shift and go to state 21
    PLUS            shift and go to state 16
    MINUS           shift and go to state 17
    TIMES           shift and go to state 18
    DIVIDE          shift and go to state 19


state 16

    (6) expression -> expression PLUS . expression
    (6) expression -> . expression PLUS expression
    (7) expression -> . expression MINUS expression
    (8) expression -> . expression TIMES expression
    (9) expression -> . expression DIVIDE expression
    (10) expression -> . LPAREN expression RPAREN
    (11) expression -> . NUMBER
    (12) expression -> . NAME

    LPAREN          shift and go to state 13
    NUMBER          shift and go to state 14
    NAME            shift and go to state 11

    expression                     shift and go to state 22

state 17

    (7) expression -> expression MINUS . expression
    (6) expression -> . expression PLUS expression
    (7) expression -> . expression MINUS expression
    (8) expression -> . expression TIMES expression
    (9) expression -> . expression DIVIDE expression
    (10) expression -> . LPAREN expression RPAREN
    (11) expression -> . NUMBER
    (12) expression -> . NAME

    LPAREN          shift and go to state 13
    NUMBER          shift and go to state 14
    NAME            shift and go to state 11

    expression                     shift and go to state 23

state 18

    (8) expression -> expression TIMES . expression
    (6) expression -> . expression PLUS expression
    (7) expression -> . expression MINUS expression
    (8) expression -> . expression TIMES expression
    (9) expression -> . expression DIVIDE expression
    (10) expression -> . LPAREN expression RPAREN
    (11) expression -> . NUMBER
    (12) expression -> . NAME

    LPAREN          shift and go to state 13
    NUMBER          shift and go to state 14
    NAME            shift and go to state 11

    expression                     shift and go to state 24

state 19

    (9) expression -> expression DIVIDE . expression
    (6) expression -> . expression PLUS expression
    (7) expression -> . expression MINUS expression
    (8) expression -> . expression TIMES expression
    (9) expression -> . expression DIVIDE expression
    (10) expression -> . LPAREN expression RPAREN
    (11) expression -> . NUMBER
    (12) expression -> . NAME

    LPAREN          shift and go to state 13
    NUMBER          shift and go to state 14
    NAME            shift and go to state 11

    expression                     shift and go to state 25

state 20

    (10) expression -> LPAREN expression . RPAREN
    (6) expression -> expression . PLUS expression
    (7) expression -> expression . MINUS expression
    (8) expression -> expression . TIMES expression
    (9) expression -> expression . DIVIDE expression

    RPAREN          shift and go to state 26
    PLUS            shift and go to state 16
    MINUS           shift and go to state 17
    TIMES           shift and go to state 18
    DIVIDE          shift and go to state 19


state 21

    (5) statement -> PRINT LPAREN expression RPAREN .

    SEMICOLON       reduce using rule 5 (statement -> PRINT LPAREN expression RPAREN .)


state 22

    (6) expression -> expression PLUS expression .
    (6) expression -> expression . PLUS expression
    (7) expression -> expression . MINUS expression
    (8) expression -> expression . TIMES expression
    (9) expression -> expression . DIVIDE expression

    PLUS            reduce using rule 6 (expression -> expression PLUS expression .)
    MINUS           reduce using rule 6 (expression -> expression PLUS expression .)
    SEMICOLON       reduce using rule 6 (expression -> expression PLUS expression .)
    RPAREN          reduce using rule 6 (expression -> expression PLUS expression .)
    TIMES           shift and go to state 18
    DIVIDE          shift and go to state 19

  ! TIMES           [ reduce using rule 6 (expression -> expression PLUS expression .) ]
  ! DIVIDE          [ reduce using rule 6 (expression -> expression PLUS expression .) ]
  ! PLUS            [ shift and go to state 16 ]
  ! MINUS           [ shift and go to state 17 ]


state 23

    (7) expression -> expression MINUS expression .
    (6) expression -> expression . PLUS expression
    (7) expression -> expression . MINUS expression
    (8) expression -> expression . TIMES expression
    (9) expression -> expression . DIVIDE expression

    PLUS            reduce using rule 7 (expression -> expression MINUS expression .)
    MINUS           reduce using rule 7 (expression -> expression MINUS expression .)
    SEMICOLON       reduce using rule 7 (expression -> expression MINUS expression .)
    RPAREN          reduce using rule 7 (expression -> expression MINUS expression .)
    TIMES           shift and go to state 18
    DIVIDE          shift and go to state 19

  ! TIMES           [ reduce using rule 7 (expression -> expression MINUS expression .) ]
  ! DIVIDE          [ reduce using rule 7 (expression -> expression MINUS expression .) ]
  ! PLUS            [ shift and go to state 16 ]
  ! MINUS           [ shift and go to state 17 ]


state 24

    (8) expression -> expression TIMES expression .
    (6) expression -> expression . PLUS expression
    (7) expression -> expression . MINUS expression
    (8) expression -> expression . TIMES expression
    (9) expression -> expression . DIVIDE expression

    PLUS            reduce using rule 8 (expression -> expression TIMES expression .)
    MINUS           reduce using rule 8 (expression -> expression TIMES expression .)
    TIMES           reduce using rule 8 (expression -> expression TIMES expression .)
    DIVIDE          reduce using rule 8 (expression -> expression TIMES expression .)
    SEMICOLON       reduce using rule 8 (expression -> expression TIMES expression .)
    RPAREN          reduce using rule 8 (expression -> expression TIMES expression .)

  ! PLUS            [ shift and go to state 16 ]
  ! MINUS           [ shift and go to state 17 ]
  ! TIMES           [ shift and go to state 18 ]
  ! DIVIDE          [ shift and go to state 19 ]


state 25

    (9) expression -> expression DIVIDE expression .
    (6) expression -> expression . PLUS expression
    (7) expression -> expression . MINUS expression
    (8) expression -> expression . TIMES expression
    (9) expression -> expression . DIVIDE expression

    PLUS            reduce using rule 9 (expression -> expression DIVIDE expression .)
    MINUS           reduce using rule 9 (expression -> expression DIVIDE expression .)
    TIMES           reduce using rule 9 (expression -> expression DIVIDE expression .)
    DIVIDE          reduce using rule 9 (expression -> expression DIVIDE expression .)
    SEMICOLON       reduce using rule 9 (expression -> expression DIVIDE expression .)
    RPAREN          reduce using rule 9 (expression -> expression DIVIDE expression .)

  ! PLUS            [ shift and go to state 16 ]
  ! MINUS           [ shift and go to state 17 ]
  ! TIMES           [ shift and go to state 18 ]
  ! DIVIDE          [ shift and go to state 19 ]


state 26

    (10) expression -> LPAREN expression RPAREN .

    PLUS            reduce using rule 10 (expression -> LPAREN expression RPAREN .)
    MINUS           reduce using rule 10 (expression -> LPAREN expression RPAREN .)
    TIMES           reduce using rule 10 (expression -> LPAREN expression RPAREN .)
    DIVIDE          reduce using rule 10 (expression -> LPAREN expression RPAREN .)
    SEMICOLON       reduce using rule 10 (expression -> LPAREN expression RPAREN .)
    RPAREN          reduce using rule 10 (expression -> LPAREN expression RPAREN .)

